This file contains any messages produced by compilers while
running configure, to aid debugging if configure makes a mistake.

It was created by ToDo configure 1.0, which was
generated by GNU Autoconf 2.69.  Invocation command line was

  $ ./configure --enable-gtk

## --------- ##
## Platform. ##
## --------- ##

hostname = segfault
uname -m = x86_64
uname -r = 3.7.10-gentoo
uname -s = Linux
uname -v = #1 SMP PREEMPT Wed Jan 14 18:39:17 WET 2015

/usr/bin/uname -p = Intel(R) Core(TM) i3 CPU M 370 @ 2.40GHz
/bin/uname -X     = unknown

/bin/arch              = unknown
/usr/bin/arch -k       = unknown
/usr/convex/getsysinfo = unknown
/usr/bin/hostinfo      = unknown
/bin/machine           = unknown
/usr/bin/oslevel       = unknown
/bin/universe          = unknown

PATH: /usr/local/bin
PATH: /usr/local/sbin
PATH: /usr/bin
PATH: /bin
PATH: /opt/bin
PATH: /usr/x86_64-pc-linux-gnu/gcc-bin/4.8.3
PATH: /home/p01nt3r/.rvm/bin


## ----------- ##
## Core tests. ##
## ----------- ##

configure:2187: checking for gcc
configure:2203: found /usr/bin/gcc
configure:2214: result: gcc
configure:2443: checking for C compiler version
configure:2452: gcc --version >&5
gcc (Gentoo 4.8.3 p1.1, pie-0.5.9) 4.8.3
Copyright (C) 2013 Free Software Foundation, Inc.
This is free software; see the source for copying conditions.  There is NO
warranty; not even for MERCHANTABILITY or FITNESS FOR A PARTICULAR PURPOSE.

configure:2463: $? = 0
configure:2452: gcc -v >&5
Using built-in specs.
COLLECT_GCC=/usr/x86_64-pc-linux-gnu/gcc-bin/4.8.3/gcc
COLLECT_LTO_WRAPPER=/usr/libexec/gcc/x86_64-pc-linux-gnu/4.8.3/lto-wrapper
Target: x86_64-pc-linux-gnu
Configured with: /var/tmp/portage/sys-devel/gcc-4.8.3/work/gcc-4.8.3/configure --host=x86_64-pc-linux-gnu --build=x86_64-pc-linux-gnu --prefix=/usr --bindir=/usr/x86_64-pc-linux-gnu/gcc-bin/4.8.3 --includedir=/usr/lib/gcc/x86_64-pc-linux-gnu/4.8.3/include --datadir=/usr/share/gcc-data/x86_64-pc-linux-gnu/4.8.3 --mandir=/usr/share/gcc-data/x86_64-pc-linux-gnu/4.8.3/man --infodir=/usr/share/gcc-data/x86_64-pc-linux-gnu/4.8.3/info --with-gxx-include-dir=/usr/lib/gcc/x86_64-pc-linux-gnu/4.8.3/include/g++-v4 --with-python-dir=/share/gcc-data/x86_64-pc-linux-gnu/4.8.3/python --enable-languages=c,c++,fortran --enable-obsolete --enable-secureplt --disable-werror --with-system-zlib --enable-nls --without-included-gettext --enable-checking=release --with-bugurl=https://bugs.gentoo.org/ --with-pkgversion='Gentoo 4.8.3 p1.1, pie-0.5.9' --enable-libstdcxx-time --enable-shared --enable-threads=posix --enable-__cxa_atexit --enable-clocale=gnu --enable-multilib --with-multilib-list=m32,m64 --disable-altivec --disable-fixed-point --enable-targets=all --disable-libgcj --enable-libgomp --disable-libmudflap --disable-libssp --enable-lto --without-cloog --enable-libsanitizer
Thread model: posix
gcc version 4.8.3 (Gentoo 4.8.3 p1.1, pie-0.5.9) 
configure:2463: $? = 0
configure:2452: gcc -V >&5
gcc: error: unrecognized command line option '-V'
gcc: fatal error: no input files
compilation terminated.
configure:2463: $? = 1
configure:2452: gcc -qversion >&5
gcc: error: unrecognized command line option '-qversion'
gcc: fatal error: no input files
compilation terminated.
configure:2463: $? = 1
configure:2483: checking whether the C compiler works
configure:2505: gcc    conftest.c  >&5
configure:2509: $? = 0
configure:2557: result: yes
configure:2560: checking for C compiler default output file name
configure:2562: result: a.out
configure:2568: checking for suffix of executables
configure:2575: gcc -o conftest    conftest.c  >&5
configure:2579: $? = 0
configure:2601: result: 
configure:2623: checking whether we are cross compiling
configure:2631: gcc -o conftest    conftest.c  >&5
configure:2635: $? = 0
configure:2642: ./conftest
configure:2646: $? = 0
configure:2661: result: no
configure:2666: checking for suffix of object files
configure:2688: gcc -c   conftest.c >&5
configure:2692: $? = 0
configure:2713: result: o
configure:2717: checking whether we are using the GNU C compiler
configure:2736: gcc -c   conftest.c >&5
configure:2736: $? = 0
configure:2745: result: yes
configure:2754: checking whether gcc accepts -g
configure:2774: gcc -c -g  conftest.c >&5
configure:2774: $? = 0
configure:2815: result: yes
configure:2832: checking for gcc option to accept ISO C89
configure:2895: gcc  -c -g -O2  conftest.c >&5
configure:2895: $? = 0
configure:2908: result: none needed
configure:2978: checking for ar
configure:2994: found /usr/bin/ar
configure:3005: result: ar
configure:3031: checking the archiver (ar) interface
configure:3041: gcc -c -g -O2  conftest.c >&5
configure:3041: $? = 0
configure:3043: ar cru libconftest.a conftest.o >&5
configure:3046: $? = 0
configure:3069: result: ar
configure:3135: checking for a BSD-compatible install
configure:3203: result: /usr/bin/install -c
configure:3214: checking whether build environment is sane
configure:3269: result: yes
configure:3304: WARNING: 'missing' script is too old or missing
configure:3417: checking for a thread-safe mkdir -p
configure:3456: result: /bin/mkdir -p
configure:3463: checking for gawk
configure:3479: found /usr/bin/gawk
configure:3490: result: gawk
configure:3501: checking whether make sets $(MAKE)
configure:3523: result: yes
configure:3553: checking for style of include used by make
configure:3581: result: GNU
configure:3615: checking whether make supports nested variables
configure:3632: result: yes
configure:3717: checking dependency style of gcc
configure:3828: result: gcc3
configure:3873: checking build system type
configure:3887: result: x86_64-unknown-linux-gnu
configure:3907: checking host system type
configure:3920: result: x86_64-unknown-linux-gnu
configure:3961: checking how to print strings
configure:3988: result: printf
configure:4009: checking for a sed that does not truncate output
configure:4073: result: /usr/bin/sed
configure:4091: checking for grep that handles long lines and -e
configure:4149: result: /usr/bin/grep
configure:4154: checking for egrep
configure:4216: result: /usr/bin/grep -E
configure:4221: checking for fgrep
configure:4283: result: /usr/bin/grep -F
configure:4318: checking for ld used by gcc
configure:4385: result: /usr/x86_64-pc-linux-gnu/bin/ld
configure:4392: checking if the linker (/usr/x86_64-pc-linux-gnu/bin/ld) is GNU ld
configure:4407: result: yes
configure:4419: checking for BSD- or MS-compatible name lister (nm)
configure:4473: result: /usr/bin/nm -B
configure:4603: checking the name lister (/usr/bin/nm -B) interface
configure:4610: gcc -c -g -O2  conftest.c >&5
configure:4613: /usr/bin/nm -B "conftest.o"
configure:4616: output
0000000000000000 B some_variable
configure:4623: result: BSD nm
configure:4626: checking whether ln -s works
configure:4630: result: yes
configure:4638: checking the maximum length of command line arguments
configure:4769: result: 1572864
configure:4817: checking how to convert x86_64-unknown-linux-gnu file names to x86_64-unknown-linux-gnu format
configure:4857: result: func_convert_file_noop
configure:4864: checking how to convert x86_64-unknown-linux-gnu file names to toolchain format
configure:4884: result: func_convert_file_noop
configure:4891: checking for /usr/x86_64-pc-linux-gnu/bin/ld option to reload object files
configure:4898: result: -r
configure:4972: checking for objdump
configure:4988: found /usr/bin/objdump
configure:4999: result: objdump
configure:5031: checking how to recognize dependent libraries
configure:5231: result: pass_all
configure:5316: checking for dlltool
configure:5346: result: no
configure:5376: checking how to associate runtime and link libraries
configure:5403: result: printf %s\n
configure:5527: checking for archiver @FILE support
configure:5544: gcc -c -g -O2  conftest.c >&5
configure:5544: $? = 0
configure:5547: ar cru libconftest.a @conftest.lst >&5
configure:5550: $? = 0
configure:5555: ar cru libconftest.a @conftest.lst >&5
ar: conftest.o: No such file or directory
configure:5558: $? = 1
configure:5570: result: @
configure:5628: checking for strip
configure:5644: found /usr/bin/strip
configure:5655: result: strip
configure:5727: checking for ranlib
configure:5743: found /usr/bin/ranlib
configure:5754: result: ranlib
configure:5856: checking command to parse /usr/bin/nm -B output from gcc object
configure:6009: gcc -c -g -O2  conftest.c >&5
configure:6012: $? = 0
configure:6016: /usr/bin/nm -B conftest.o \| sed -n -e 's/^.*[ ]\([ABCDGIRSTW][ABCDGIRSTW]*\)[ ][ ]*\([_A-Za-z][_A-Za-z0-9]*\)$/\1 \2 \2/p' | sed '/ __gnu_lto/d' \> conftest.nm
configure:6019: $? = 0
configure:6085: gcc -o conftest -g -O2   conftest.c conftstm.o >&5
configure:6088: $? = 0
configure:6126: result: ok
configure:6173: checking for sysroot
configure:6203: result: no
configure:6210: checking for a working dd
configure:6248: result: /bin/dd
configure:6252: checking how to truncate binary pipes
configure:6267: result: /bin/dd bs=4096 count=1
configure:6388: gcc -c -g -O2  conftest.c >&5
configure:6391: $? = 0
configure:6581: checking for mt
configure:6611: result: no
configure:6631: checking if : is a manifest tool
configure:6637: : '-?'
configure:6645: result: no
configure:7287: checking how to run the C preprocessor
configure:7318: gcc -E  conftest.c
configure:7318: $? = 0
configure:7332: gcc -E  conftest.c
conftest.c:11:28: fatal error: ac_nonexistent.h: No such file or directory
 #include <ac_nonexistent.h>
                            ^
compilation terminated.
configure:7332: $? = 1
configure: failed program was:
| /* confdefs.h */
| #define PACKAGE_NAME "ToDo"
| #define PACKAGE_TARNAME "todo"
| #define PACKAGE_VERSION "1.0"
| #define PACKAGE_STRING "ToDo 1.0"
| #define PACKAGE_BUGREPORT "kleomar@gmail.com"
| #define PACKAGE_URL ""
| #define PACKAGE "todo"
| #define VERSION "1.0"
| /* end confdefs.h.  */
| #include <ac_nonexistent.h>
configure:7357: result: gcc -E
configure:7377: gcc -E  conftest.c
configure:7377: $? = 0
configure:7391: gcc -E  conftest.c
conftest.c:11:28: fatal error: ac_nonexistent.h: No such file or directory
 #include <ac_nonexistent.h>
                            ^
compilation terminated.
configure:7391: $? = 1
configure: failed program was:
| /* confdefs.h */
| #define PACKAGE_NAME "ToDo"
| #define PACKAGE_TARNAME "todo"
| #define PACKAGE_VERSION "1.0"
| #define PACKAGE_STRING "ToDo 1.0"
| #define PACKAGE_BUGREPORT "kleomar@gmail.com"
| #define PACKAGE_URL ""
| #define PACKAGE "todo"
| #define VERSION "1.0"
| /* end confdefs.h.  */
| #include <ac_nonexistent.h>
configure:7420: checking for ANSI C header files
configure:7440: gcc -c -g -O2  conftest.c >&5
configure:7440: $? = 0
configure:7513: gcc -o conftest -g -O2   conftest.c  >&5
configure:7513: $? = 0
configure:7513: ./conftest
configure:7513: $? = 0
configure:7524: result: yes
configure:7537: checking for sys/types.h
configure:7537: gcc -c -g -O2  conftest.c >&5
configure:7537: $? = 0
configure:7537: result: yes
configure:7537: checking for sys/stat.h
configure:7537: gcc -c -g -O2  conftest.c >&5
configure:7537: $? = 0
configure:7537: result: yes
configure:7537: checking for stdlib.h
configure:7537: gcc -c -g -O2  conftest.c >&5
configure:7537: $? = 0
configure:7537: result: yes
configure:7537: checking for string.h
configure:7537: gcc -c -g -O2  conftest.c >&5
configure:7537: $? = 0
configure:7537: result: yes
configure:7537: checking for memory.h
configure:7537: gcc -c -g -O2  conftest.c >&5
configure:7537: $? = 0
configure:7537: result: yes
configure:7537: checking for strings.h
configure:7537: gcc -c -g -O2  conftest.c >&5
configure:7537: $? = 0
configure:7537: result: yes
configure:7537: checking for inttypes.h
configure:7537: gcc -c -g -O2  conftest.c >&5
configure:7537: $? = 0
configure:7537: result: yes
configure:7537: checking for stdint.h
configure:7537: gcc -c -g -O2  conftest.c >&5
configure:7537: $? = 0
configure:7537: result: yes
configure:7537: checking for unistd.h
configure:7537: gcc -c -g -O2  conftest.c >&5
configure:7537: $? = 0
configure:7537: result: yes
configure:7551: checking for dlfcn.h
configure:7551: gcc -c -g -O2  conftest.c >&5
configure:7551: $? = 0
configure:7551: result: yes
configure:7806: checking for objdir
configure:7821: result: .libs
configure:8088: checking if gcc supports -fno-rtti -fno-exceptions
configure:8106: gcc -c -g -O2  -fno-rtti -fno-exceptions conftest.c >&5
cc1: warning: command line option '-fno-rtti' is valid for C++/ObjC++ but not for C [enabled by default]
configure:8110: $? = 0
configure:8123: result: no
configure:8481: checking for gcc option to produce PIC
configure:8488: result: -fPIC -DPIC
configure:8496: checking if gcc PIC flag -fPIC -DPIC works
configure:8514: gcc -c -g -O2  -fPIC -DPIC -DPIC conftest.c >&5
configure:8518: $? = 0
configure:8531: result: yes
configure:8560: checking if gcc static flag -static works
configure:8588: result: yes
configure:8603: checking if gcc supports -c -o file.o
configure:8624: gcc -c -g -O2  -o out/conftest2.o conftest.c >&5
configure:8628: $? = 0
configure:8650: result: yes
configure:8658: checking if gcc supports -c -o file.o
configure:8705: result: yes
configure:8738: checking whether the gcc linker (/usr/x86_64-pc-linux-gnu/bin/ld -m elf_x86_64) supports shared libraries
configure:9997: result: yes
configure:10237: checking dynamic linker characteristics
configure:10827: gcc -o conftest -g -O2   -Wl,-rpath -Wl,/foo conftest.c  >&5
configure:10827: $? = 0
configure:11059: result: GNU/Linux ld.so
configure:11166: checking how to hardcode library paths into programs
configure:11191: result: immediate
configure:11739: checking whether stripping libraries is possible
configure:11744: result: yes
configure:11779: checking if libtool supports shared libraries
configure:11781: result: yes
configure:11784: checking whether to build shared libraries
configure:11809: result: no
configure:11812: checking whether to build static libraries
configure:11816: result: yes
configure:11854: checking whether to enable maintainer-specific portions of Makefiles
configure:11863: result: no
configure:11912: checking for pkg-config
configure:11930: found /usr/bin/pkg-config
configure:11943: result: /usr/bin/pkg-config
configure:11965: checking for GTK+ - version >= 2.0.0
configure:12075: gcc -o conftest -g -O2 -I/usr/include/gtk-2.0 -I/usr/lib64/gtk-2.0/include -I/usr/include/atk-1.0 -I/usr/include/cairo -I/usr/include/pixman-1 -I/usr/include/libdrm -I/usr/include/gdk-pixbuf-2.0 -I/usr/include/libpng16 -I/usr/include/pango-1.0 -pthread -I/usr/include/glib-2.0 -I/usr/lib64/glib-2.0/include  -I/usr/include/freetype2 -I/usr/include/harfbuzz     conftest.c -lgtk-x11-2.0 -lgdk-x11-2.0 -lpangocairo-1.0 -latk-1.0 -lcairo -lgdk_pixbuf-2.0 -lgio-2.0 -lpangoft2-1.0 -lpango-1.0 -lgobject-2.0 -lglib-2.0 -lfontconfig -lfreetype    >&5
configure:12075: $? = 0
configure:12075: ./conftest
configure:12075: $? = 0
configure:12089: result: yes (version 2.24.25)
configure:12216: checking for ranlib
configure:12243: result: ranlib
configure:12315: checking for gcc
configure:12342: result: gcc
configure:12571: checking for C compiler version
configure:12580: gcc --version >&5
gcc (Gentoo 4.8.3 p1.1, pie-0.5.9) 4.8.3
Copyright (C) 2013 Free Software Foundation, Inc.
This is free software; see the source for copying conditions.  There is NO
warranty; not even for MERCHANTABILITY or FITNESS FOR A PARTICULAR PURPOSE.

configure:12591: $? = 0
configure:12580: gcc -v >&5
Using built-in specs.
COLLECT_GCC=/usr/x86_64-pc-linux-gnu/gcc-bin/4.8.3/gcc
COLLECT_LTO_WRAPPER=/usr/libexec/gcc/x86_64-pc-linux-gnu/4.8.3/lto-wrapper
Target: x86_64-pc-linux-gnu
Configured with: /var/tmp/portage/sys-devel/gcc-4.8.3/work/gcc-4.8.3/configure --host=x86_64-pc-linux-gnu --build=x86_64-pc-linux-gnu --prefix=/usr --bindir=/usr/x86_64-pc-linux-gnu/gcc-bin/4.8.3 --includedir=/usr/lib/gcc/x86_64-pc-linux-gnu/4.8.3/include --datadir=/usr/share/gcc-data/x86_64-pc-linux-gnu/4.8.3 --mandir=/usr/share/gcc-data/x86_64-pc-linux-gnu/4.8.3/man --infodir=/usr/share/gcc-data/x86_64-pc-linux-gnu/4.8.3/info --with-gxx-include-dir=/usr/lib/gcc/x86_64-pc-linux-gnu/4.8.3/include/g++-v4 --with-python-dir=/share/gcc-data/x86_64-pc-linux-gnu/4.8.3/python --enable-languages=c,c++,fortran --enable-obsolete --enable-secureplt --disable-werror --with-system-zlib --enable-nls --without-included-gettext --enable-checking=release --with-bugurl=https://bugs.gentoo.org/ --with-pkgversion='Gentoo 4.8.3 p1.1, pie-0.5.9' --enable-libstdcxx-time --enable-shared --enable-threads=posix --enable-__cxa_atexit --enable-clocale=gnu --enable-multilib --with-multilib-list=m32,m64 --disable-altivec --disable-fixed-point --enable-targets=all --disable-libgcj --enable-libgomp --disable-libmudflap --disable-libssp --enable-lto --without-cloog --enable-libsanitizer
Thread model: posix
gcc version 4.8.3 (Gentoo 4.8.3 p1.1, pie-0.5.9) 
configure:12591: $? = 0
configure:12580: gcc -V >&5
gcc: error: unrecognized command line option '-V'
gcc: fatal error: no input files
compilation terminated.
configure:12591: $? = 1
configure:12580: gcc -qversion >&5
gcc: error: unrecognized command line option '-qversion'
gcc: fatal error: no input files
compilation terminated.
configure:12591: $? = 1
configure:12595: checking whether we are using the GNU C compiler
configure:12623: result: yes
configure:12632: checking whether gcc accepts -g
configure:12693: result: yes
configure:12710: checking for gcc option to accept ISO C89
configure:12786: result: none needed
configure:12916: checking that generated files are newer than configure
configure:12922: result: done
configure:12953: creating ./config.status

## ---------------------- ##
## Running config.status. ##
## ---------------------- ##

This file was extended by ToDo config.status 1.0, which was
generated by GNU Autoconf 2.69.  Invocation command line was

  CONFIG_FILES    = 
  CONFIG_HEADERS  = 
  CONFIG_LINKS    = 
  CONFIG_COMMANDS = 
  $ ./config.status 

on segfault

config.status:1095: creating Makefile
config.status:1095: creating interface/Makefile
config.status:1095: creating model/Makefile
config.status:1095: creating config.h
config.status:1276: config.h is unchanged
config.status:1324: executing depfiles commands
config.status:1324: executing libtool commands

## ---------------- ##
## Cache variables. ##
## ---------------- ##

ac_cv_build=x86_64-unknown-linux-gnu
ac_cv_c_compiler_gnu=yes
ac_cv_env_CC_set=
ac_cv_env_CC_value=
ac_cv_env_CFLAGS_set=
ac_cv_env_CFLAGS_value=
ac_cv_env_CPPFLAGS_set=
ac_cv_env_CPPFLAGS_value=
ac_cv_env_CPP_set=
ac_cv_env_CPP_value=
ac_cv_env_LDFLAGS_set=
ac_cv_env_LDFLAGS_value=
ac_cv_env_LIBS_set=
ac_cv_env_LIBS_value=
ac_cv_env_build_alias_set=
ac_cv_env_build_alias_value=
ac_cv_env_host_alias_set=
ac_cv_env_host_alias_value=
ac_cv_env_target_alias_set=
ac_cv_env_target_alias_value=
ac_cv_header_dlfcn_h=yes
ac_cv_header_inttypes_h=yes
ac_cv_header_memory_h=yes
ac_cv_header_stdc=yes
ac_cv_header_stdint_h=yes
ac_cv_header_stdlib_h=yes
ac_cv_header_string_h=yes
ac_cv_header_strings_h=yes
ac_cv_header_sys_stat_h=yes
ac_cv_header_sys_types_h=yes
ac_cv_header_unistd_h=yes
ac_cv_host=x86_64-unknown-linux-gnu
ac_cv_objext=o
ac_cv_path_EGREP='/usr/bin/grep -E'
ac_cv_path_FGREP='/usr/bin/grep -F'
ac_cv_path_GREP=/usr/bin/grep
ac_cv_path_PKG_CONFIG=/usr/bin/pkg-config
ac_cv_path_SED=/usr/bin/sed
ac_cv_path_install='/usr/bin/install -c'
ac_cv_path_lt_DD=/bin/dd
ac_cv_path_mkdir=/bin/mkdir
ac_cv_prog_AWK=gawk
ac_cv_prog_CPP='gcc -E'
ac_cv_prog_ac_ct_AR=ar
ac_cv_prog_ac_ct_CC=gcc
ac_cv_prog_ac_ct_OBJDUMP=objdump
ac_cv_prog_ac_ct_RANLIB=ranlib
ac_cv_prog_ac_ct_STRIP=strip
ac_cv_prog_cc_c89=
ac_cv_prog_cc_g=yes
ac_cv_prog_make_make_set=yes
am_cv_CC_dependencies_compiler_type=gcc3
am_cv_ar_interface=ar
am_cv_make_support_nested_variables=yes
lt_cv_ar_at_file=@
lt_cv_deplibs_check_method=pass_all
lt_cv_file_magic_cmd='$MAGIC_CMD'
lt_cv_file_magic_test_file=
lt_cv_ld_reload_flag=-r
lt_cv_nm_interface='BSD nm'
lt_cv_objdir=.libs
lt_cv_path_LD=/usr/x86_64-pc-linux-gnu/bin/ld
lt_cv_path_NM='/usr/bin/nm -B'
lt_cv_path_mainfest_tool=no
lt_cv_prog_compiler_c_o=yes
lt_cv_prog_compiler_pic='-fPIC -DPIC'
lt_cv_prog_compiler_pic_works=yes
lt_cv_prog_compiler_rtti_exceptions=no
lt_cv_prog_compiler_static_works=yes
lt_cv_prog_gnu_ld=yes
lt_cv_sharedlib_from_linklib_cmd='printf %s\n'
lt_cv_shlibpath_overrides_runpath=yes
lt_cv_sys_global_symbol_pipe='sed -n -e '\''s/^.*[	 ]\([ABCDGIRSTW][ABCDGIRSTW]*\)[	 ][	 ]*\([_A-Za-z][_A-Za-z0-9]*\)$/\1 \2 \2/p'\'' | sed '\''/ __gnu_lto/d'\'''
lt_cv_sys_global_symbol_to_c_name_address='sed -n -e '\''s/^: \(.*\) .*$/  {"\1", (void *) 0},/p'\'' -e '\''s/^[ABCDGIRSTW][ABCDGIRSTW]* .* \(.*\)$/  {"\1", (void *) \&\1},/p'\'''
lt_cv_sys_global_symbol_to_c_name_address_lib_prefix='sed -n -e '\''s/^: \(.*\) .*$/  {"\1", (void *) 0},/p'\'' -e '\''s/^[ABCDGIRSTW][ABCDGIRSTW]* .* \(lib.*\)$/  {"\1", (void *) \&\1},/p'\'' -e '\''s/^[ABCDGIRSTW][ABCDGIRSTW]* .* \(.*\)$/  {"lib\1", (void *) \&\1},/p'\'''
lt_cv_sys_global_symbol_to_cdecl='sed -n -e '\''s/^T .* \(.*\)$/extern int \1();/p'\'' -e '\''s/^[ABCDGIRSTW][ABCDGIRSTW]* .* \(.*\)$/extern char \1;/p'\'''
lt_cv_sys_global_symbol_to_import=
lt_cv_sys_max_cmd_len=1572864
lt_cv_to_host_file_cmd=func_convert_file_noop
lt_cv_to_tool_file_cmd=func_convert_file_noop
lt_cv_truncate_bin='/bin/dd bs=4096 count=1'

## ----------------- ##
## Output variables. ##
## ----------------- ##

ACLOCAL='aclocal-1.13'
AMDEPBACKSLASH='\'
AMDEP_FALSE='#'
AMDEP_TRUE=''
AMTAR='$${TAR-tar}'
AM_BACKSLASH='\'
AM_DEFAULT_V='$(AM_DEFAULT_VERBOSITY)'
AM_DEFAULT_VERBOSITY='1'
AM_V='$(V)'
AR='ar'
AUTOCONF='autoconf'
AUTOHEADER='autoheader'
AUTOMAKE='automake-1.13'
AWK='gawk'
CC='gcc'
CCDEPMODE='depmode=gcc3'
CFLAGS='-g -O2'
CPP='gcc -E'
CPPFLAGS=''
CYGPATH_W='echo'
DEFS='-DHAVE_CONFIG_H'
DEPDIR='.deps'
DLLTOOL='false'
DSYMUTIL=''
DUMPBIN=''
ECHO_C=''
ECHO_N='-n'
ECHO_T=''
EGREP='/usr/bin/grep -E'
EXEEXT=''
FGREP='/usr/bin/grep -F'
GREP='/usr/bin/grep'
GTK_CFLAGS='-I/usr/include/gtk-2.0 -I/usr/lib64/gtk-2.0/include -I/usr/include/atk-1.0 -I/usr/include/cairo -I/usr/include/pixman-1 -I/usr/include/libdrm -I/usr/include/gdk-pixbuf-2.0 -I/usr/include/libpng16 -I/usr/include/pango-1.0 -pthread -I/usr/include/glib-2.0 -I/usr/lib64/glib-2.0/include  -I/usr/include/freetype2 -I/usr/include/harfbuzz  '
GTK_LIBS='-lgtk-x11-2.0 -lgdk-x11-2.0 -lpangocairo-1.0 -latk-1.0 -lcairo -lgdk_pixbuf-2.0 -lgio-2.0 -lpangoft2-1.0 -lpango-1.0 -lgobject-2.0 -lglib-2.0 -lfontconfig -lfreetype  '
INSTALL_DATA='${INSTALL} -m 644'
INSTALL_PROGRAM='${INSTALL}'
INSTALL_SCRIPT='${INSTALL}'
INSTALL_STRIP_PROGRAM='$(install_sh) -c -s'
LD='/usr/x86_64-pc-linux-gnu/bin/ld -m elf_x86_64'
LDFLAGS=''
LIBOBJS=''
LIBS=''
LIBTOOL='$(SHELL) $(top_builddir)/libtool'
LIPO=''
LN_S='ln -s'
LTLIBOBJS=''
MAINT='#'
MAINTAINER_MODE_FALSE=''
MAINTAINER_MODE_TRUE='#'
MAKEINFO='makeinfo'
MANIFEST_TOOL=':'
MKDIR_P='/bin/mkdir -p'
NM='/usr/bin/nm -B'
NMEDIT=''
OBJDUMP='objdump'
OBJEXT='o'
OTOOL64=''
OTOOL=''
PACKAGE='todo'
PACKAGE_BUGREPORT='kleomar@gmail.com'
PACKAGE_NAME='ToDo'
PACKAGE_STRING='ToDo 1.0'
PACKAGE_TARNAME='todo'
PACKAGE_URL=''
PACKAGE_VERSION='1.0'
PATH_SEPARATOR=':'
PKG_CONFIG='/usr/bin/pkg-config'
RANLIB='ranlib'
SED='/usr/bin/sed'
SET_MAKE=''
SHELL='/bin/sh'
STRIP='strip'
USE_GTK_FALSE='#'
USE_GTK_TRUE=''
VERSION='1.0'
ac_ct_AR='ar'
ac_ct_CC='gcc'
ac_ct_DUMPBIN=''
am__EXEEXT_FALSE=''
am__EXEEXT_TRUE='#'
am__fastdepCC_FALSE='#'
am__fastdepCC_TRUE=''
am__include='include'
am__isrc=''
am__leading_dot='.'
am__nodep='_no'
am__quote=''
am__tar='$${TAR-tar} chof - "$$tardir"'
am__untar='$${TAR-tar} xf -'
bindir='${exec_prefix}/bin'
build='x86_64-unknown-linux-gnu'
build_alias=''
build_cpu='x86_64'
build_os='linux-gnu'
build_vendor='unknown'
datadir='${datarootdir}'
datarootdir='${prefix}/share'
docdir='${datarootdir}/doc/${PACKAGE_TARNAME}'
dvidir='${docdir}'
exec_prefix='${prefix}'
host='x86_64-unknown-linux-gnu'
host_alias=''
host_cpu='x86_64'
host_os='linux-gnu'
host_vendor='unknown'
htmldir='${docdir}'
includedir='${prefix}/include'
infodir='${datarootdir}/info'
install_sh='${SHELL} /home/p01nt3r/install-sh'
libdir='${exec_prefix}/lib'
libexecdir='${exec_prefix}/libexec'
localedir='${datarootdir}/locale'
localstatedir='${prefix}/var'
mandir='${datarootdir}/man'
mkdir_p='$(MKDIR_P)'
oldincludedir='/usr/include'
pdfdir='${docdir}'
prefix='/usr/local'
program_transform_name='s,x,x,'
psdir='${docdir}'
sbindir='${exec_prefix}/sbin'
sharedstatedir='${prefix}/com'
sysconfdir='${prefix}/etc'
target_alias=''

## ----------- ##
## confdefs.h. ##
## ----------- ##

/* confdefs.h */
#define PACKAGE_NAME "ToDo"
#define PACKAGE_TARNAME "todo"
#define PACKAGE_VERSION "1.0"
#define PACKAGE_STRING "ToDo 1.0"
#define PACKAGE_BUGREPORT "kleomar@gmail.com"
#define PACKAGE_URL ""
#define PACKAGE "todo"
#define VERSION "1.0"
#define STDC_HEADERS 1
#define HAVE_SYS_TYPES_H 1
#define HAVE_SYS_STAT_H 1
#define HAVE_STDLIB_H 1
#define HAVE_STRING_H 1
#define HAVE_MEMORY_H 1
#define HAVE_STRINGS_H 1
#define HAVE_INTTYPES_H 1
#define HAVE_STDINT_H 1
#define HAVE_UNISTD_H 1
#define HAVE_DLFCN_H 1
#define LT_OBJDIR ".libs/"
#define USE_GTK 0

configure: exit 0
